Rank 0, Total Time: 0.000050 
Rank 0 array start
0 0 0 0 0 0 1 1 1 1 0 0 0 0 0 0 0  
0 0 0 0 0 0 0 0 0 0 0 0 0 0 0 0 0  
0 0 0 0 0 0 0 0 1 0 0 0 0 0 0 0 0  
Rank 0 array end
Rank 1, Total Time: 0.000138
Rank 1 array start
0 1 1 1 1 1 1 1 1 1 0 0 0 0 0 0 0  
0 0 0 0 1 0 1 1 1 1 0 0 0 0 0 0 0  
Rank 1 array end
Rank 2, Total Time: 0.000117 
Rank 2 array start
0 0 0 0 0 0 1 1 1 1 0 0 0 0 0 0 0  
0 0 0 0 1 0 1 1 1 1 0 0 0 0 0 0 0  
Rank 2 array end
Rank 3, Total Time: 0.000020 
Rank 3 array start
0 0 0 0 0 0 0 0 1 0 0 0 0 0 0 0 0  
0 0 0 0 0 0 0 0 0 0 0 0 0 0 0 0 0  
Rank 3 array end
Add Done!
